<?xml version="1.0" encoding="UTF-8"?>
<!-- Generated by org.testng.reporters.JUnitXMLReporter -->
<testsuite ignored="0" hostname="Karna" failures="0" tests="3" name="Default test" time="62.726" errors="0" timestamp="2025-03-11T12:47:38 IST">
  <testcase classname="TestCaseDemo.Test1" name="title" time="5.404"/>
  <testcase classname="TestCaseDemo.Test2" name="checkLogin" time="11.4"/>
  <testcase classname="TestCaseDemo.Test3" name="checkMenu" time="1.783"/>
</testsuite> <!-- Default test -->
