<?xml version="1.0" encoding="UTF-8"?>
<testng-results ignored="0" total="3" passed="3" failed="0" skipped="0">
  <reporter-output>
    <line>
      <![CDATA[Test case 1 Title Assertion Pass]]>
    </line>
    <line>
      <![CDATA[Test case 2 Login Successfull]]>
    </line>
    <line>
      <![CDATA[Test case 3 Menu Changed]]>
    </line>
  </reporter-output>
  <suite started-at="2025-03-11T12:46:35 IST" name="Default suite" finished-at="2025-03-11T12:47:38 IST" duration-ms="62726">
    <groups>
    </groups>
    <test started-at="2025-03-11T12:46:35 IST" name="Default test" finished-at="2025-03-11T12:47:38 IST" duration-ms="62726">
      <class name="TestCaseDemo.Test1">
        <test-method is-config="true" signature="open()[pri:0, instance:TestCaseDemo.Test1@3f1d2e23]" started-at="2025-03-11T12:46:35 IST" name="open" finished-at="2025-03-11T12:46:42 IST" duration-ms="7284" status="PASS">
          <reporter-output>
          </reporter-output>
        </test-method> <!-- open -->
        <test-method signature="title(java.lang.String)[pri:1, instance:TestCaseDemo.Test1@3f1d2e23]" started-at="2025-03-11T12:46:43 IST" name="title" data-provider="title" finished-at="2025-03-11T12:46:48 IST" duration-ms="5404" status="PASS">
          <params>
            <param index="0">
              <value>
                <![CDATA[OrangeHRM]]>
              </value>
            </param>
          </params>
          <reporter-output>
            <line>
              <![CDATA[Test case 1 Title Assertion Pass]]>
            </line>
          </reporter-output>
        </test-method> <!-- title -->
        <test-method is-config="true" signature="close()[pri:0, instance:TestCaseDemo.Test1@3f1d2e23]" started-at="2025-03-11T12:46:48 IST" name="close" finished-at="2025-03-11T12:46:49 IST" duration-ms="1340" status="PASS">
          <reporter-output>
          </reporter-output>
        </test-method> <!-- close -->
      </class> <!-- TestCaseDemo.Test1 -->
      <class name="TestCaseDemo.Test2">
        <test-method is-config="true" signature="open()[pri:0, instance:TestCaseDemo.Test2@27912e3]" started-at="2025-03-11T12:46:53 IST" name="open" finished-at="2025-03-11T12:47:01 IST" duration-ms="7976" status="PASS">
          <reporter-output>
          </reporter-output>
        </test-method> <!-- open -->
        <test-method signature="checkLogin(java.lang.String,java.lang.String,java.lang.String)[pri:0, instance:TestCaseDemo.Test2@27912e3]" started-at="2025-03-11T12:47:01 IST" name="checkLogin" data-provider="login" finished-at="2025-03-11T12:47:13 IST" duration-ms="11400" status="PASS">
          <params>
            <param index="0">
              <value>
                <![CDATA[Admin]]>
              </value>
            </param>
            <param index="1">
              <value>
                <![CDATA[admin123]]>
              </value>
            </param>
            <param index="2">
              <value>
                <![CDATA[Dashboard]]>
              </value>
            </param>
          </params>
          <reporter-output>
            <line>
              <![CDATA[Test case 2 Login Successfull]]>
            </line>
          </reporter-output>
        </test-method> <!-- checkLogin -->
        <test-method is-config="true" signature="close()[pri:0, instance:TestCaseDemo.Test2@27912e3]" started-at="2025-03-11T12:47:13 IST" name="close" finished-at="2025-03-11T12:47:16 IST" duration-ms="3193" status="PASS">
          <reporter-output>
          </reporter-output>
        </test-method> <!-- close -->
      </class> <!-- TestCaseDemo.Test2 -->
      <class name="TestCaseDemo.Test3">
        <test-method is-config="true" signature="open()[pri:0, instance:TestCaseDemo.Test3@34b9f960]" started-at="2025-03-11T12:47:16 IST" name="open" finished-at="2025-03-11T12:47:35 IST" duration-ms="19581" status="PASS">
          <reporter-output>
          </reporter-output>
        </test-method> <!-- open -->
        <test-method signature="checkMenu(java.lang.String)[pri:0, instance:TestCaseDemo.Test3@34b9f960]" started-at="2025-03-11T12:47:36 IST" name="checkMenu" data-provider="list" finished-at="2025-03-11T12:47:37 IST" duration-ms="1783" status="PASS">
          <params>
            <param index="0">
              <value>
                <![CDATA[My Info]]>
              </value>
            </param>
          </params>
          <reporter-output>
            <line>
              <![CDATA[Test case 3 Menu Changed]]>
            </line>
          </reporter-output>
        </test-method> <!-- checkMenu -->
        <test-method is-config="true" signature="close()[pri:0, instance:TestCaseDemo.Test3@34b9f960]" started-at="2025-03-11T12:47:37 IST" name="close" finished-at="2025-03-11T12:47:38 IST" duration-ms="517" status="PASS">
          <reporter-output>
          </reporter-output>
        </test-method> <!-- close -->
      </class> <!-- TestCaseDemo.Test3 -->
    </test> <!-- Default test -->
  </suite> <!-- Default suite -->
</testng-results>
